<?xml version="1.0" encoding="UTF-8"?>
<!-- Generated by org.testng.reporters.JUnitReportReporter -->
<testsuite hostname="Shilpa" failures="0" tests="1" name="Maven.JenkinDemo.App" time="21.249" errors="0" timestamp="2022-04-25T14:43:08 IST" skipped="0">
  <testcase classname="Maven.JenkinDemo.App" name="Login" time="21.249"/>
  <system-out/>
</testsuite> <!-- Maven.JenkinDemo.App -->
